Line 118: Class prjGIFViewer.ucAniGIF of control ucAniGIF was not a loaded control class.
Line 162: Class prjGIFViewer.ucAniGIF of control ucAniGIF was not a loaded control class.
Line 175: Class prjGIFViewer.ucAniGIF of control ucAniGIF was not a loaded control class.
Line 197: Class prjGIFViewer.ucAniGIF of control ucAniGIF was not a loaded control class.
Line 124: The property name _ExtentX in ucAniGIF is invalid.
Line 125: The property name _ExtentY in ucAniGIF is invalid.
Line 126: The property name GIF in ucAniGIF is invalid.
Line 127: The property name Delay in ucAniGIF is invalid.
Line 128: The property name Loops in ucAniGIF is invalid.
Line 169: The property name _ExtentX in ucAniGIF is invalid.
Line 170: The property name _ExtentY in ucAniGIF is invalid.
Line 171: The property name GIF in ucAniGIF is invalid.
Line 172: The property name Stretch in ucAniGIF is invalid.
Line 181: The property name _ExtentX in ucAniGIF is invalid.
Line 182: The property name _ExtentY in ucAniGIF is invalid.
Line 183: The property name GIF in ucAniGIF is invalid.
Line 184: The property name Loops in ucAniGIF is invalid.
Line 203: The property name _ExtentX in ucAniGIF is invalid.
Line 204: The property name _ExtentY in ucAniGIF is invalid.
Line 205: The property name GIF in ucAniGIF is invalid.
Line 206: The property name Stretch in ucAniGIF is invalid.
Line 207: The property name Loops in ucAniGIF is invalid.
Line 208: The property name Mirror in ucAniGIF is invalid.
